This is pdfTeX, Version 3.14159265-2.6-1.40.20 (MiKTeX 2.9.7000 64-bit) (preloaded format=pdflatex 2019.4.16)  17 APR 2019 12:40
entering extended mode
**./Resume.tex
(Resume.tex
LaTeX2e <2018-12-01>
("e:\Program Files\MiKTeX 2.9\tex/latex/base\article.cls"
Document Class: article 2018/09/03 v1.4i Standard LaTeX document class
("e:\Program Files\MiKTeX 2.9\tex/latex/base\size10.clo"
File: size10.clo 2018/09/03 v1.4i Standard LaTeX file (size option)
)
\c@part=\count80
\c@section=\count81
\c@subsection=\count82
\c@subsubsection=\count83
\c@paragraph=\count84
\c@subparagraph=\count85
\c@figure=\count86
\c@table=\count87
\abovecaptionskip=\skip41
\belowcaptionskip=\skip42
\bibindent=\dimen102
)
("e:\Program Files\MiKTeX 2.9\tex/latex/float\float.sty"
Package: float 2001/11/08 v1.3d Float enhancements (AL)
\c@float@type=\count88
\float@exts=\toks14
\float@box=\box27
\@float@everytoks=\toks15
\@floatcapt=\box28
)
("e:\Program Files\MiKTeX 2.9\tex/latex/adjustbox\adjustbox.sty"
Package: adjustbox 2019/01/04 v1.2 Adjusting TeX boxes (trim, clip, ...)

("e:\Program Files\MiKTeX 2.9\tex/latex/xkeyval\xkeyval.sty"
Package: xkeyval 2014/12/03 v2.7a package option processing (HA)

("e:\Program Files\MiKTeX 2.9\tex/generic/xkeyval\xkeyval.tex"
("e:\Program Files\MiKTeX 2.9\tex/generic/xkeyval\xkvutils.tex"
\XKV@toks=\toks16
\XKV@tempa@toks=\toks17

("e:\Program Files\MiKTeX 2.9\tex/generic/xkeyval\keyval.tex"))
\XKV@depth=\count89
File: xkeyval.tex 2014/12/03 v2.7a key=value parser (HA)
))
("e:\Program Files\MiKTeX 2.9\tex/latex/adjustbox\adjcalc.sty"
Package: adjcalc 2012/05/16 v1.1 Provides advanced setlength with multiple back
-ends (calc, etex, pgfmath)
)
("e:\Program Files\MiKTeX 2.9\tex/latex/adjustbox\trimclip.sty"
Package: trimclip 2018/04/08 v1.1 Trim and clip general TeX material

("e:\Program Files\MiKTeX 2.9\tex/latex/graphics\graphicx.sty"
Package: graphicx 2017/06/01 v1.1a Enhanced LaTeX Graphics (DPC,SPQR)

("e:\Program Files\MiKTeX 2.9\tex/latex/graphics\graphics.sty"
Package: graphics 2017/06/25 v1.2c Standard LaTeX Graphics (DPC,SPQR)

("e:\Program Files\MiKTeX 2.9\tex/latex/graphics\trig.sty"
Package: trig 2016/01/03 v1.10 sin cos tan (DPC)
)
("e:\Program Files\MiKTeX 2.9\tex/latex/graphics-cfg\graphics.cfg"
File: graphics.cfg 2016/06/04 v1.11 sample graphics configuration
)
Package graphics Info: Driver file: pdftex.def on input line 99.

("e:\Program Files\MiKTeX 2.9\tex/latex/graphics-def\pdftex.def"
File: pdftex.def 2018/01/08 v1.0l Graphics/color driver for pdftex
))
\Gin@req@height=\dimen103
\Gin@req@width=\dimen104
)
("e:\Program Files\MiKTeX 2.9\tex/latex/collectbox\collectbox.sty"
Package: collectbox 2012/05/17 v0.4b Collect macro arguments as boxes
\collectedbox=\box29
)
\tc@llx=\dimen105
\tc@lly=\dimen106
\tc@urx=\dimen107
\tc@ury=\dimen108
Package trimclip Info: Using driver 'tc-pdftex.def'.

("e:\Program Files\MiKTeX 2.9\tex/latex/adjustbox\tc-pdftex.def"
File: tc-pdftex.def 2019/01/04 v2.2 Clipping driver for pdftex
))
\adjbox@Width=\dimen109
\adjbox@Height=\dimen110
\adjbox@Depth=\dimen111
\adjbox@Totalheight=\dimen112
\adjbox@pwidth=\dimen113
\adjbox@pheight=\dimen114
\adjbox@pdepth=\dimen115
\adjbox@ptotalheight=\dimen116

("e:\Program Files\MiKTeX 2.9\tex/latex/ifoddpage\ifoddpage.sty"
Package: ifoddpage 2016/04/23 v1.1 Conditionals for odd/even page detection
\c@checkoddpage=\count90
)
("e:\Program Files\MiKTeX 2.9\tex/latex/varwidth\varwidth.sty"
Package: varwidth 2009/03/30 ver 0.92;  Variable-width minipages
\@vwid@box=\box30
\sift@deathcycles=\count91
\@vwid@loff=\dimen117
\@vwid@roff=\dimen118
)) (Resume.aux)
\openout1 = `Resume.aux'.

LaTeX Font Info:    Checking defaults for OML/cmm/m/it on input line 6.
LaTeX Font Info:    ... okay on input line 6.
LaTeX Font Info:    Checking defaults for T1/cmr/m/n on input line 6.
LaTeX Font Info:    ... okay on input line 6.
LaTeX Font Info:    Checking defaults for OT1/cmr/m/n on input line 6.
LaTeX Font Info:    ... okay on input line 6.
LaTeX Font Info:    Checking defaults for OMS/cmsy/m/n on input line 6.
LaTeX Font Info:    ... okay on input line 6.
LaTeX Font Info:    Checking defaults for OMX/cmex/m/n on input line 6.
LaTeX Font Info:    ... okay on input line 6.
LaTeX Font Info:    Checking defaults for U/cmr/m/n on input line 6.
LaTeX Font Info:    ... okay on input line 6.

("e:\Program Files\MiKTeX 2.9\tex/context/base/mkii\supp-pdf.mkii"
[Loading MPS to PDF converter (version 2006.09.02).]
\scratchcounter=\count92
\scratchdimen=\dimen119
\scratchbox=\box31
\nofMPsegments=\count93
\nofMParguments=\count94
\everyMPshowfont=\toks18
\MPscratchCnt=\count95
\MPscratchDim=\dimen120
\MPnumerator=\count96
\makeMPintoPDFobject=\count97
\everyMPtoPDFconversion=\toks19
) ("e:\Program Files\MiKTeX 2.9\tex/latex/oberdiek\epstopdf-base.sty"
Package: epstopdf-base 2016/05/15 v2.6 Base part for package epstopdf

("e:\Program Files\MiKTeX 2.9\tex/generic/oberdiek\infwarerr.sty"
Package: infwarerr 2016/05/16 v1.4 Providing info/warning/error messages (HO)
)
("e:\Program Files\MiKTeX 2.9\tex/latex/oberdiek\grfext.sty"
Package: grfext 2016/05/16 v1.2 Manage graphics extensions (HO)

("e:\Program Files\MiKTeX 2.9\tex/generic/oberdiek\kvdefinekeys.sty"
Package: kvdefinekeys 2016/05/16 v1.4 Define keys (HO)

("e:\Program Files\MiKTeX 2.9\tex/generic/oberdiek\ltxcmds.sty"
Package: ltxcmds 2016/05/16 v1.23 LaTeX kernel commands for general use (HO)
)))
("e:\Program Files\MiKTeX 2.9\tex/latex/oberdiek\kvoptions.sty"
Package: kvoptions 2016/05/16 v3.12 Key value format for package options (HO)

("e:\Program Files\MiKTeX 2.9\tex/generic/oberdiek\kvsetkeys.sty"
Package: kvsetkeys 2016/05/16 v1.17 Key value parser (HO)

("e:\Program Files\MiKTeX 2.9\tex/generic/oberdiek\etexcmds.sty"
Package: etexcmds 2016/05/16 v1.6 Avoid name clashes with e-TeX commands (HO)

("e:\Program Files\MiKTeX 2.9\tex/generic/oberdiek\ifluatex.sty"
Package: ifluatex 2016/05/16 v1.4 Provides the ifluatex switch (HO)
Package ifluatex Info: LuaTeX not detected.
))))
("e:\Program Files\MiKTeX 2.9\tex/generic/oberdiek\pdftexcmds.sty"
Package: pdftexcmds 2018/09/10 v0.29 Utility functions of pdfTeX for LuaTeX (HO
)

("e:\Program Files\MiKTeX 2.9\tex/generic/oberdiek\ifpdf.sty"
Package: ifpdf 2018/09/07 v3.3 Provides the ifpdf switch
)
Package pdftexcmds Info: LuaTeX not detected.
Package pdftexcmds Info: \pdf@primitive is available.
Package pdftexcmds Info: \pdf@ifprimitive is available.
Package pdftexcmds Info: \pdfdraftmode found.
)
Package epstopdf-base Info: Redefining graphics rule for `.eps' on input line 4
38.
Package grfext Info: Graphics extension search list:
(grfext)             [.pdf,.png,.jpg,.mps,.jpeg,.jbig2,.jb2,.PDF,.PNG,.JPG,.JPE
G,.JBIG2,.JB2,.eps]
(grfext)             \AppendGraphicsExtensions on input line 456.
)
LaTeX Font Info:    External font `cmex10' loaded for size
(Font)              <12> on input line 9.
LaTeX Font Info:    External font `cmex10' loaded for size
(Font)              <8> on input line 9.
LaTeX Font Info:    External font `cmex10' loaded for size
(Font)              <6> on input line 9.
<pic.jpg, id=1, 1694.33pt x 2292.565pt>
File: pic.jpg Graphic file (type jpg)
<use pic.jpg>
Package pdftex.def Info: pic.jpg  used on input line 16.
(pdftex.def)             Requested size: 105.11977pt x 142.26378pt.

Overfull \hbox (46.86954pt too wide) in paragraph at lines 15--17
[]  [] 
 []


Overfull \hbox (13.94525pt too wide) in paragraph at lines 10--18
\OT1/cmr/m/n/10 Address:101,First Floor Hari apart-ments, Col-lege Road Bel-gau
m,Karnataka,590001 
 []

LaTeX Font Info:    External font `cmex10' loaded for size
(Font)              <7> on input line 25.
LaTeX Font Info:    External font `cmex10' loaded for size
(Font)              <5> on input line 25.

Underfull \hbox (badness 3590) in paragraph at lines 36--37
[][] \OT1/cmr/m/n/10 B.E(Computer Sci-ence
 []


Overfull \hbox (125.0084pt too wide) in paragraph at lines 24--45
[] 
 []

[1

{C:/Users/dell/AppData/Local/MiKTeX/2.9/pdftex/config/pdftex.map} <./pic.jpg>]
LaTeX Font Info:    Try loading font information for OMS+cmr on input line 51.
 ("e:\Program Files\MiKTeX 2.9\tex/latex/base\omscmr.fd"
File: omscmr.fd 2014/09/29 v2.5h Standard LaTeX font definitions
)
LaTeX Font Info:    Font shape `OMS/cmr/m/n' in size <10> not available
(Font)              Font shape `OMS/cmsy/m/n' tried instead on input line 51.
 [2] [3]
Underfull \hbox (badness 10000) in paragraph at lines 128--134

 []

[4] (Resume.aux) ) 
Here is how much of TeX's memory you used:
 2514 strings out of 492945
 38123 string characters out of 3135516
 108859 words of memory out of 3000000
 6381 multiletter control sequences out of 15000+200000
 7895 words of font info for 28 fonts, out of 3000000 for 9000
 1141 hyphenation exceptions out of 8191
 41i,11n,37p,282b,348s stack positions out of 5000i,500n,10000p,200000b,50000s
<e:/Program Files/MiKTeX 2.9/fonts/type1/public/amsfonts/cm/c
mbx10.pfb><e:/Program Files/MiKTeX 2.9/fonts/type1/public/amsfonts/cm/cmbx12.pf
b><e:/Program Files/MiKTeX 2.9/fonts/type1/public/amsfonts/cm/cmr10.pfb><e:/Pro
gram Files/MiKTeX 2.9/fonts/type1/public/amsfonts/cm/cmr12.pfb><e:/Program File
s/MiKTeX 2.9/fonts/type1/public/amsfonts/cm/cmr17.pfb><e:/Program Files/MiKTeX 
2.9/fonts/type1/public/amsfonts/cm/cmsy10.pfb>
Output written on Resume.pdf (4 pages, 238066 bytes).
PDF statistics:
 40 PDF objects out of 1000 (max. 8388607)
 0 named destinations out of 1000 (max. 500000)
 6 words of extra memory for PDF output out of 10000 (max. 10000000)

